[debug] > Exec(early(addDefaultCommands), None, None)
[debug] > Exec(addDefaultCommands, None, None)
[debug] > Exec(early(initialize), None, None)
[debug] > Exec(initialize, None, None)
[debug] > Exec(early(addPluginSbtFile="""C:\Users\Mesay_Adinew\AppData\Local\Temp\idea1.sbt"""), None, None)
[debug] > Exec(addPluginSbtFile="""C:\Users\Mesay_Adinew\AppData\Local\Temp\idea1.sbt""", None, None)
[debug] > Exec(boot, None, None)
[debug] > Exec(writeSbtVersion, None, None)
[debug] > Exec(reload, None, None)
[debug] > Exec(sbtStashOnFailure, None, None)
[debug] > Exec(onFailure loadFailed, None, None)
[debug] > Exec(loadp, None, None)
[info] welcome to sbt 1.4.1 (JetBrains s.r.o. Java 11.0.8)
[debug]       Load.loadUnit: plugins took 453.6653ms
[debug]       Load.loadUnit: defsScala took 0.561ms
[debug] [Loading] Scanning directory C:\Users\Mesay_Adinew\.sbt\1.0\plugins
[debug] [Loading] Found non-root projects 
[debug] [Loading] Done in C:\Users\Mesay_Adinew\.sbt\1.0\plugins, returning: ()
[debug] deducing auto plugins based on known facts Set(Atom(sbt.plugins.CorePlugin)) and clauses Clauses(List(Clause(Atom(sbt.plugins.JvmPlugin),Set(Atom(sbt.plugins.IvyPlugin))), Clause(Atom(sbt.ScriptedPlugin),Set(Atom(sbt.plugins.JvmPlugin))), Clause(Atom(sbt.plugins.SbtPlugin),Set(Atom(sbt.ScriptedPlugin))), Clause(Atom(sbt.plugins.SemanticdbPlugin),Set(Atom(sbt.plugins.JvmPlugin))), Clause(Atom(sbt.plugins.JUnitXmlReportPlugin),Set(Atom(sbt.plugins.JvmPlugin))), Clause(Atom(sbt.plugins.MiniDependencyTreePlugin),Set(Atom(sbt.plugins.JvmPlugin))), Clause(Atom(sbt.plugins.CorePlugin),Set(Atom(sbt.plugins.IvyPlugin))), Clause(Atom(sbt.plugins.IvyPlugin),Set(Atom(sbt.plugins.JvmPlugin))), Clause(Atom(sbt.plugins.JvmPlugin),Set(Atom(sbt.plugins.SemanticdbPlugin))), Clause(Atom(sbt.plugins.JvmPlugin),Set(Atom(sbt.plugins.JUnitXmlReportPlugin))), Clause(Atom(sbt.plugins.CorePlugin),Set(Atom(sbt.plugins.Giter8TemplatePlugin))), Clause(Atom(sbt.plugins.JvmPlugin),Set(Atom(sbt.plugins.MiniDependencyTreePlugin)))))
[debug]   :: deduced result: Matched(sbt.plugins.CorePlugin,sbt.plugins.Giter8TemplatePlugin,sbt.plugins.IvyPlugin,sbt.plugins.JvmPlugin,sbt.plugins.MiniDependencyTreePlugin,sbt.plugins.JUnitXmlReportPlugin,sbt.plugins.SemanticdbPlugin)
[debug] Plugins.deducer#function took 65.4671 ms
[debug]           Load.resolveProject(global-plugins) took 169.5695ms
[debug]         Load.loadTransitive: finalizeProject(Project(id global-plugins, base: C:\Users\Mesay_Adinew\.sbt\1.0\plugins, plugins: List(<none>))) took 303.0566ms
[debug] [Loading] Done in C:\Users\Mesay_Adinew\.sbt\1.0\plugins, returning: (global-plugins)
[debug]       Load.loadUnit: loadedProjectsRaw took 429.221ms
[debug]       Load.loadUnit: cleanEvalClasses took 0.6462ms
[debug]     Load.loadUnit(file:/C:/Users/Mesay_Adinew/.sbt/1.0/plugins/, ...) took 917.219ms
[debug]   Load.apply: load took 1856.2066ms
[debug]   Load.apply: resolveProjects took 18.1632ms
[debug]   Load.apply: finalTransforms took 174.9328ms
[debug]   Load.apply: config.delegates took 17.1997ms
[debug]   Load.apply: Def.make(settings)... took 12800.7017ms
[debug]   Load.apply: structureIndex took 1343.8694ms
[debug]   Load.apply: mkStreams took 8.8555ms
[info] loading global plugins from C:\Users\Mesay_Adinew\.sbt\1.0\plugins
[debug] Running task... Cancel: Signal, check cycles: false, forcegc: true
[debug] Load.defaultLoad until apply took 30483.6989ms
[debug]           Load.loadUnit: plugins took 612.5488ms
[debug]           Load.loadUnit: defsScala took 0.0144ms
[debug] [Loading] Scanning directory C:\Users\Mesay_Adinew\intellij document\untitled2\project
[debug]             Load.loadUnit: mkEval took 69.4857ms
[debug] [Loading] Found non-root projects 
[debug] [Loading] Done in C:\Users\Mesay_Adinew\intellij document\untitled2\project, returning: ()
[debug] deducing auto plugins based on known facts Set(Atom(sbt.plugins.CorePlugin)) and clauses Clauses(List(Clause(Atom(sbt.plugins.JvmPlugin),Set(Atom(sbt.plugins.IvyPlugin))), Clause(Atom(sbt.ScriptedPlugin),Set(Atom(sbt.plugins.JvmPlugin))), Clause(Atom(sbt.plugins.SbtPlugin),Set(Atom(sbt.ScriptedPlugin))), Clause(Atom(sbt.plugins.SemanticdbPlugin),Set(Atom(sbt.plugins.JvmPlugin))), Clause(Atom(sbt.plugins.JUnitXmlReportPlugin),Set(Atom(sbt.plugins.JvmPlugin))), Clause(Atom(sbt.plugins.MiniDependencyTreePlugin),Set(Atom(sbt.plugins.JvmPlugin))), Clause(Atom(sbt.plugins.CorePlugin),Set(Atom(sbt.plugins.IvyPlugin))), Clause(Atom(sbt.plugins.IvyPlugin),Set(Atom(sbt.plugins.JvmPlugin))), Clause(Atom(sbt.plugins.JvmPlugin),Set(Atom(sbt.plugins.SemanticdbPlugin))), Clause(Atom(sbt.plugins.JvmPlugin),Set(Atom(sbt.plugins.JUnitXmlReportPlugin))), Clause(Atom(sbt.plugins.CorePlugin),Set(Atom(sbt.plugins.Giter8TemplatePlugin))), Clause(Atom(sbt.plugins.JvmPlugin),Set(Atom(sbt.plugins.MiniDependencyTreePlugin)))))
[debug]   :: deduced result: Matched(sbt.plugins.CorePlugin,sbt.plugins.Giter8TemplatePlugin,sbt.plugins.IvyPlugin,sbt.plugins.JvmPlugin,sbt.plugins.MiniDependencyTreePlugin,sbt.plugins.JUnitXmlReportPlugin,sbt.plugins.SemanticdbPlugin)
[debug] Plugins.deducer#function took 6.5415 ms
[info] loading settings for project untitled2-build from idea1.sbt ...
[debug]               Load.resolveProject(untitled2-build) took 102.2202ms
[debug]             Load.loadTransitive: finalizeProject(Project(id untitled2-build, base: C:\Users\Mesay_Adinew\intellij document\untitled2\project, plugins: List(<none>))) took 110.3192ms
[debug] [Loading] Done in C:\Users\Mesay_Adinew\intellij document\untitled2\project, returning: (untitled2-build)
[debug]           Load.loadUnit: loadedProjectsRaw took 18765.1888ms
[debug]           Load.loadUnit: cleanEvalClasses took 118.7059ms
[debug]         Load.loadUnit(file:/C:/Users/Mesay_Adinew/intellij%20document/untitled2/project/, ...) took 19499.2525ms
[debug]       Load.apply: load took 19503.47ms
[debug]       Load.apply: resolveProjects took 0.1558ms
[debug]       Load.apply: finalTransforms took 112.3883ms
[debug]       Load.apply: config.delegates took 0.8494ms
[debug]       Load.apply: Def.make(settings)... took 781.9938ms
[debug]       Load.apply: structureIndex took 130.5376ms
[debug]       Load.apply: mkStreams took 0.0033ms
[info] loading project definition from C:\Users\Mesay_Adinew\intellij document\untitled2\project
[debug] Running task... Cancel: Signal, check cycles: false, forcegc: true
[debug]     Load.loadUnit: plugins took 36813.3498ms
[debug]     Load.loadUnit: defsScala took 0.0075ms
[debug] [Loading] Scanning directory C:\Users\Mesay_Adinew\intellij document\untitled2
[debug]       Load.loadUnit: mkEval took 7.9584ms
[debug] [Loading] Found non-root projects 
[debug] [Loading] Done in C:\Users\Mesay_Adinew\intellij document\untitled2, returning: ()
[debug] deducing auto plugins based on known facts Set(Atom(sbt.plugins.CorePlugin)) and clauses Clauses(List(Clause(Atom(sbt.plugins.JvmPlugin),Set(Atom(sbt.plugins.IvyPlugin))), Clause(Atom(sbt.ScriptedPlugin),Set(Atom(sbt.plugins.JvmPlugin))), Clause(Atom(sbt.plugins.SbtPlugin),Set(Atom(sbt.ScriptedPlugin))), Clause(Atom(sbt.plugins.SemanticdbPlugin),Set(Atom(sbt.plugins.JvmPlugin))), Clause(Atom(sbt.plugins.JUnitXmlReportPlugin),Set(Atom(sbt.plugins.JvmPlugin))), Clause(Atom(sbt.plugins.MiniDependencyTreePlugin),Set(Atom(sbt.plugins.JvmPlugin))), Clause(Atom(org.jetbrains.sbt.StructurePlugin),Set(Atom(sbt.plugins.JvmPlugin))), Clause(Atom(org.jetbrains.sbt.IdeaShellPlugin),Set(Atom(sbt.plugins.JvmPlugin))), Clause(Atom(org.jetbrains.sbt.indices.SbtIntellijIndicesPlugin),Set(Atom(sbt.plugins.JvmPlugin))), Clause(Atom(sbt.plugins.CorePlugin),Set(Atom(sbt.plugins.IvyPlugin))), Clause(Atom(sbt.plugins.IvyPlugin),Set(Atom(sbt.plugins.JvmPlugin))), Clause(Atom(sbt.plugins.JvmPlugin),Set(Atom(sbt.plugins.SemanticdbPlugin))), Clause(Atom(sbt.plugins.JvmPlugin),Set(Atom(sbt.plugins.JUnitXmlReportPlugin))), Clause(Atom(sbt.plugins.CorePlugin),Set(Atom(sbt.plugins.Giter8TemplatePlugin))), Clause(Atom(sbt.plugins.JvmPlugin),Set(Atom(sbt.plugins.MiniDependencyTreePlugin))), Clause(Atom(sbt.plugins.JvmPlugin),Set(Atom(org.jetbrains.sbt.StructurePlugin))), Clause(Atom(sbt.plugins.JvmPlugin),Set(Atom(org.jetbrains.sbt.IdeaShellPlugin))), Clause(And(Set(Atom(sbt.plugins.CorePlugin), Atom(sbt.plugins.JvmPlugin))),Set(Atom(org.jetbrains.sbt.indices.SbtIntellijIndicesPlugin)))))
[debug]   :: deduced result: Matched(sbt.plugins.CorePlugin,sbt.plugins.Giter8TemplatePlugin,sbt.plugins.IvyPlugin,sbt.plugins.JvmPlugin,sbt.plugins.SemanticdbPlugin,org.jetbrains.sbt.indices.SbtIntellijIndicesPlugin,sbt.plugins.JUnitXmlReportPlugin,org.jetbrains.sbt.IdeaShellPlugin,org.jetbrains.sbt.StructurePlugin,sbt.plugins.MiniDependencyTreePlugin)
[debug] Plugins.deducer#function took 4.2805 ms
[info] loading settings for project untitled2 from build.sbt ...
[debug]         Load.resolveProject(untitled2) took 128.8526ms
[debug]       Load.loadTransitive: finalizeProject(Project(id untitled2, base: C:\Users\Mesay_Adinew\intellij document\untitled2, plugins: List(<none>))) took 135.4925ms
[debug] [Loading] Done in C:\Users\Mesay_Adinew\intellij document\untitled2, returning: (untitled2)
[debug]     Load.loadUnit: loadedProjectsRaw took 5766.5833ms
[debug]     Load.loadUnit: cleanEvalClasses took 37.5223ms
[debug]   Load.loadUnit(file:/C:/Users/Mesay_Adinew/intellij%20document/untitled2/, ...) took 42618.9511ms
[debug] Load.apply: load took 42638.4141ms
[debug] Load.apply: resolveProjects took 0.2296ms
[debug] Load.apply: finalTransforms took 85.9196ms
[debug] Load.apply: config.delegates took 0.6701ms
[debug] Load.apply: Def.make(settings)... took 423.4621ms
[debug] Load.apply: structureIndex took 36.0826ms
[debug] Load.apply: mkStreams took 0.0034ms
[info] set current project to untitled2 (in build file:/C:/Users/Mesay_Adinew/intellij%20document/untitled2/)
[debug] > Exec(sbtPopOnFailure, None, None)
[debug] > Exec(resumeFromFailure, None, None)
[debug] > Exec(notifyUsersAboutShell, None, None)
[debug] > Exec(iflast shell, None, None)
[debug] > Exec(; set ideaPort in Global := 51725 ; idea-shell, None, None)
[debug] > Exec(set ideaPort in Global := 51725, None, None)
[info] Defining Global / ideaPort
[info] The new value will be used by Compile / compile, Test / compile
[debug] Defining 
[debug] 	Global / ideaPort
[debug] 
[debug] The new value will be used by 
[debug] 	Compile / compile
[debug] 	Test / compile
[info] Reapplying settings...
[info] set current project to untitled2 (in build file:/C:/Users/Mesay_Adinew/intellij%20document/untitled2/)
[debug] > Exec(idea-shell, None, None)
