[debug] > Exec(early(addDefaultCommands), None, None)
[debug] > Exec(addDefaultCommands, None, None)
[debug] > Exec(early(initialize), None, None)
[debug] > Exec(initialize, None, None)
[debug] > Exec(early(addPluginSbtFile="""C:\Users\Mesay_Adinew\AppData\Local\Temp\idea.sbt"""), None, None)
[debug] > Exec(addPluginSbtFile="""C:\Users\Mesay_Adinew\AppData\Local\Temp\idea.sbt""", None, None)
[debug] > Exec(boot, None, None)
[debug] > Exec(writeSbtVersion, None, None)
[debug] > Exec(reload, None, None)
[debug] > Exec(sbtStashOnFailure, None, None)
[debug] > Exec(onFailure loadFailed, None, None)
[debug] > Exec(loadp, None, None)
[info] welcome to sbt 1.4.1 (JetBrains s.r.o Java 11.0.4)
[debug]       Load.loadUnit: plugins took 257.0468ms
[debug]       Load.loadUnit: defsScala took 0.9553ms
[debug] [Loading] Scanning directory C:\Users\Mesay_Adinew\.sbt\1.0\plugins
[debug] [Loading] Found non-root projects 
[debug] [Loading] Done in C:\Users\Mesay_Adinew\.sbt\1.0\plugins, returning: ()
[debug] deducing auto plugins based on known facts Set(Atom(sbt.plugins.CorePlugin)) and clauses Clauses(List(Clause(Atom(sbt.plugins.JvmPlugin),Set(Atom(sbt.plugins.IvyPlugin))), Clause(Atom(sbt.ScriptedPlugin),Set(Atom(sbt.plugins.JvmPlugin))), Clause(Atom(sbt.plugins.SbtPlugin),Set(Atom(sbt.ScriptedPlugin))), Clause(Atom(sbt.plugins.SemanticdbPlugin),Set(Atom(sbt.plugins.JvmPlugin))), Clause(Atom(sbt.plugins.JUnitXmlReportPlugin),Set(Atom(sbt.plugins.JvmPlugin))), Clause(Atom(sbt.plugins.MiniDependencyTreePlugin),Set(Atom(sbt.plugins.JvmPlugin))), Clause(Atom(sbt.plugins.CorePlugin),Set(Atom(sbt.plugins.IvyPlugin))), Clause(Atom(sbt.plugins.IvyPlugin),Set(Atom(sbt.plugins.JvmPlugin))), Clause(Atom(sbt.plugins.JvmPlugin),Set(Atom(sbt.plugins.SemanticdbPlugin))), Clause(Atom(sbt.plugins.JvmPlugin),Set(Atom(sbt.plugins.JUnitXmlReportPlugin))), Clause(Atom(sbt.plugins.CorePlugin),Set(Atom(sbt.plugins.Giter8TemplatePlugin))), Clause(Atom(sbt.plugins.JvmPlugin),Set(Atom(sbt.plugins.MiniDependencyTreePlugin)))))
[debug]   :: deduced result: Matched(sbt.plugins.CorePlugin,sbt.plugins.Giter8TemplatePlugin,sbt.plugins.IvyPlugin,sbt.plugins.JvmPlugin,sbt.plugins.MiniDependencyTreePlugin,sbt.plugins.JUnitXmlReportPlugin,sbt.plugins.SemanticdbPlugin)
[debug] Plugins.deducer#function took 56.4775 ms
[debug]           Load.resolveProject(global-plugins) took 169.255ms
[debug]         Load.loadTransitive: finalizeProject(Project(id global-plugins, base: C:\Users\Mesay_Adinew\.sbt\1.0\plugins, plugins: List(<none>))) took 322.4ms
[debug] [Loading] Done in C:\Users\Mesay_Adinew\.sbt\1.0\plugins, returning: (global-plugins)
[debug]       Load.loadUnit: loadedProjectsRaw took 397.6237ms
[debug]       Load.loadUnit: cleanEvalClasses took 1.2647ms
[debug]     Load.loadUnit(file:/C:/Users/Mesay_Adinew/.sbt/1.0/plugins/, ...) took 690.21ms
[debug]   Load.apply: load took 1201.2871ms
[debug]   Load.apply: resolveProjects took 19.6003ms
[debug]   Load.apply: finalTransforms took 157.0022ms
[debug]   Load.apply: config.delegates took 20.0397ms
[debug]   Load.apply: Def.make(settings)... took 8290.0555ms
[debug]   Load.apply: structureIndex took 229.2027ms
[debug]   Load.apply: mkStreams took 3.4152ms
[info] loading global plugins from C:\Users\Mesay_Adinew\.sbt\1.0\plugins
[debug] Running task... Cancel: Signal, check cycles: false, forcegc: true
[debug] Load.defaultLoad until apply took 15392.7128ms
[debug]           Load.loadUnit: plugins took 59.7209ms
[debug]           Load.loadUnit: defsScala took 0.0043ms
[debug] [Loading] Scanning directory C:\Users\Mesay_Adinew\IntelliJIDEAProjects\untitled2\project
[debug]             Load.loadUnit: mkEval took 18.9839ms
[debug] [Loading] Found non-root projects 
[debug] [Loading] Done in C:\Users\Mesay_Adinew\IntelliJIDEAProjects\untitled2\project, returning: ()
[debug] deducing auto plugins based on known facts Set(Atom(sbt.plugins.CorePlugin)) and clauses Clauses(List(Clause(Atom(sbt.plugins.JvmPlugin),Set(Atom(sbt.plugins.IvyPlugin))), Clause(Atom(sbt.ScriptedPlugin),Set(Atom(sbt.plugins.JvmPlugin))), Clause(Atom(sbt.plugins.SbtPlugin),Set(Atom(sbt.ScriptedPlugin))), Clause(Atom(sbt.plugins.SemanticdbPlugin),Set(Atom(sbt.plugins.JvmPlugin))), Clause(Atom(sbt.plugins.JUnitXmlReportPlugin),Set(Atom(sbt.plugins.JvmPlugin))), Clause(Atom(sbt.plugins.MiniDependencyTreePlugin),Set(Atom(sbt.plugins.JvmPlugin))), Clause(Atom(sbt.plugins.CorePlugin),Set(Atom(sbt.plugins.IvyPlugin))), Clause(Atom(sbt.plugins.IvyPlugin),Set(Atom(sbt.plugins.JvmPlugin))), Clause(Atom(sbt.plugins.JvmPlugin),Set(Atom(sbt.plugins.SemanticdbPlugin))), Clause(Atom(sbt.plugins.JvmPlugin),Set(Atom(sbt.plugins.JUnitXmlReportPlugin))), Clause(Atom(sbt.plugins.CorePlugin),Set(Atom(sbt.plugins.Giter8TemplatePlugin))), Clause(Atom(sbt.plugins.JvmPlugin),Set(Atom(sbt.plugins.MiniDependencyTreePlugin)))))
[debug]   :: deduced result: Matched(sbt.plugins.CorePlugin,sbt.plugins.Giter8TemplatePlugin,sbt.plugins.IvyPlugin,sbt.plugins.JvmPlugin,sbt.plugins.MiniDependencyTreePlugin,sbt.plugins.JUnitXmlReportPlugin,sbt.plugins.SemanticdbPlugin)
[debug] Plugins.deducer#function took 6.9937 ms
[info] loading settings for project untitled2-build from idea.sbt ...
[debug]               Load.resolveProject(untitled2-build) took 21.9425ms
[debug]             Load.loadTransitive: finalizeProject(Project(id untitled2-build, base: C:\Users\Mesay_Adinew\IntelliJIDEAProjects\untitled2\project, plugins: List(<none>))) took 32.4108ms
[debug] [Loading] Done in C:\Users\Mesay_Adinew\IntelliJIDEAProjects\untitled2\project, returning: (untitled2-build)
[debug]           Load.loadUnit: loadedProjectsRaw took 334.729ms
[debug]           Load.loadUnit: cleanEvalClasses took 30.3158ms
[debug]         Load.loadUnit(file:/C:/Users/Mesay_Adinew/IntelliJIDEAProjects/untitled2/project/, ...) took 426.9369ms
[debug]       Load.apply: load took 433.0218ms
[debug]       Load.apply: resolveProjects took 0.2158ms
[debug]       Load.apply: finalTransforms took 35.4568ms
[debug]       Load.apply: config.delegates took 0.8285ms
[debug]       Load.apply: Def.make(settings)... took 266.6159ms
[debug]       Load.apply: structureIndex took 160.1626ms
[debug]       Load.apply: mkStreams took 0.0047ms
[info] loading project definition from C:\Users\Mesay_Adinew\IntelliJIDEAProjects\untitled2\project
[debug] Running task... Cancel: Signal, check cycles: false, forcegc: true
[debug]     Load.loadUnit: plugins took 2127.4366ms
[debug]     Load.loadUnit: defsScala took 0.0045ms
[debug] [Loading] Scanning directory C:\Users\Mesay_Adinew\IntelliJIDEAProjects\untitled2
[debug]       Load.loadUnit: mkEval took 0.4356ms
[debug] [Loading] Found non-root projects 
[debug] [Loading] Done in C:\Users\Mesay_Adinew\IntelliJIDEAProjects\untitled2, returning: ()
[debug] deducing auto plugins based on known facts Set(Atom(sbt.plugins.CorePlugin)) and clauses Clauses(List(Clause(Atom(sbt.plugins.JvmPlugin),Set(Atom(sbt.plugins.IvyPlugin))), Clause(Atom(sbt.ScriptedPlugin),Set(Atom(sbt.plugins.JvmPlugin))), Clause(Atom(sbt.plugins.SbtPlugin),Set(Atom(sbt.ScriptedPlugin))), Clause(Atom(sbt.plugins.SemanticdbPlugin),Set(Atom(sbt.plugins.JvmPlugin))), Clause(Atom(sbt.plugins.JUnitXmlReportPlugin),Set(Atom(sbt.plugins.JvmPlugin))), Clause(Atom(sbt.plugins.MiniDependencyTreePlugin),Set(Atom(sbt.plugins.JvmPlugin))), Clause(Atom(org.jetbrains.sbt.StructurePlugin),Set(Atom(sbt.plugins.JvmPlugin))), Clause(Atom(org.jetbrains.sbt.IdeaShellPlugin),Set(Atom(sbt.plugins.JvmPlugin))), Clause(Atom(org.jetbrains.sbt.indices.SbtIntellijIndicesPlugin),Set(Atom(sbt.plugins.JvmPlugin))), Clause(Atom(sbt.plugins.CorePlugin),Set(Atom(sbt.plugins.IvyPlugin))), Clause(Atom(sbt.plugins.IvyPlugin),Set(Atom(sbt.plugins.JvmPlugin))), Clause(Atom(sbt.plugins.JvmPlugin),Set(Atom(sbt.plugins.SemanticdbPlugin))), Clause(Atom(sbt.plugins.JvmPlugin),Set(Atom(sbt.plugins.JUnitXmlReportPlugin))), Clause(Atom(sbt.plugins.CorePlugin),Set(Atom(sbt.plugins.Giter8TemplatePlugin))), Clause(Atom(sbt.plugins.JvmPlugin),Set(Atom(sbt.plugins.MiniDependencyTreePlugin))), Clause(Atom(sbt.plugins.JvmPlugin),Set(Atom(org.jetbrains.sbt.StructurePlugin))), Clause(Atom(sbt.plugins.JvmPlugin),Set(Atom(org.jetbrains.sbt.IdeaShellPlugin))), Clause(And(Set(Atom(sbt.plugins.CorePlugin), Atom(sbt.plugins.JvmPlugin))),Set(Atom(org.jetbrains.sbt.indices.SbtIntellijIndicesPlugin)))))
[debug]   :: deduced result: Matched(sbt.plugins.CorePlugin,sbt.plugins.Giter8TemplatePlugin,sbt.plugins.IvyPlugin,sbt.plugins.JvmPlugin,sbt.plugins.SemanticdbPlugin,org.jetbrains.sbt.indices.SbtIntellijIndicesPlugin,sbt.plugins.JUnitXmlReportPlugin,org.jetbrains.sbt.IdeaShellPlugin,org.jetbrains.sbt.StructurePlugin,sbt.plugins.MiniDependencyTreePlugin)
[debug] Plugins.deducer#function took 7.2984 ms
[info] loading settings for project untitled2 from build.sbt ...
[debug]         Load.resolveProject(untitled2) took 105.2604ms
[debug]       Load.loadTransitive: finalizeProject(Project(id untitled2, base: C:\Users\Mesay_Adinew\IntelliJIDEAProjects\untitled2, plugins: List(<none>))) took 117.3182ms
[debug] [Loading] Done in C:\Users\Mesay_Adinew\IntelliJIDEAProjects\untitled2, returning: (untitled2)
[debug]     Load.loadUnit: loadedProjectsRaw took 352.4774ms
[debug]     Load.loadUnit: cleanEvalClasses took 61.3706ms
[debug]   Load.loadUnit(file:/C:/Users/Mesay_Adinew/IntelliJIDEAProjects/untitled2/, ...) took 2542.0827ms
[debug] Load.apply: load took 2552.5796ms
[debug] Load.apply: resolveProjects took 0.2168ms
[debug] Load.apply: finalTransforms took 90.921ms
[debug] Load.apply: config.delegates took 2.2387ms
[debug] Load.apply: Def.make(settings)... took 295.9267ms
[debug] Load.apply: structureIndex took 51.3151ms
[debug] Load.apply: mkStreams took 0.011ms
[info] set current project to untitled2 (in build file:/C:/Users/Mesay_Adinew/IntelliJIDEAProjects/untitled2/)
[debug] > Exec(sbtPopOnFailure, None, None)
[debug] > Exec(resumeFromFailure, None, None)
[debug] > Exec(notifyUsersAboutShell, None, None)
[debug] > Exec(iflast shell, None, None)
[debug] > Exec(; set ideaPort in Global := 52240 ; idea-shell, None, None)
[debug] > Exec(set ideaPort in Global := 52240, None, None)
[info] Defining Global / ideaPort
[info] The new value will be used by Compile / compile, Test / compile
[debug] Defining 
[debug] 	Global / ideaPort
[debug] 
[debug] The new value will be used by 
[debug] 	Compile / compile
[debug] 	Test / compile
[info] Reapplying settings...
[info] set current project to untitled2 (in build file:/C:/Users/Mesay_Adinew/IntelliJIDEAProjects/untitled2/)
[debug] > Exec(idea-shell, None, None)
